Compiling the C compiler identification source file "CMakeCCompilerId.c" failed.
Compiler: /usr/bin/cdt-cc 
Build flags: -O3
Id flags:  

The output was:
255
wasm-ld: error: fatal failure: contract with no actions and trying to create dispatcher
Exit due to wasm-ld failure


Compiling the CXX compiler identification source file "CMakeCXXCompilerId.cpp" failed.
Compiler: /usr/bin/cdt-cpp 
Build flags: -O3
Id flags:  

The output was:
255
wasm-ld: error: fatal failure: contract with no actions and trying to create dispatcher
Exit due to wasm-ld failure


Detecting C compiler ABI info failed to compile with the following output:
Change Dir: /home/user/Desktop/contracts/try/contracts/eos/faucet/CMakeFiles/CMakeTmp

Run Build Command(s):/usr/bin/gmake -f Makefile cmTC_93ab3/fast && gmake[4]: Entering directory '/home/user/Desktop/contracts/try/contracts/eos/faucet/CMakeFiles/CMakeTmp'
/usr/bin/gmake  -f CMakeFiles/cmTC_93ab3.dir/build.make CMakeFiles/cmTC_93ab3.dir/build
gmake[5]: Entering directory '/home/user/Desktop/contracts/try/contracts/eos/faucet/CMakeFiles/CMakeTmp'
Building C object CMakeFiles/cmTC_93ab3.dir/CMakeCCompilerABI.c.obj
/usr/bin/cdt-cc   -O3    -v -MD -MT CMakeFiles/cmTC_93ab3.dir/CMakeCCompilerABI.c.obj -MF CMakeFiles/cmTC_93ab3.dir/CMakeCCompilerABI.c.obj.d -o CMakeFiles/cmTC_93ab3.dir/CMakeCCompilerABI.c.obj -c /usr/share/cmake-3.22/Modules/CMakeCCompilerABI.c
clang version 9.0.1 (https://github.com/AntelopeIO/cdt-clang 1baf03bbaa65a20b3de00fede1bc039666006c8c) (https://github.com/AntelopeIO/cdt-llvm 6a0991f5118ef11008c88c3f5e6ce2692642ffb8)
Target: x86_64-unknown-linux-gnu
Thread model: posix
InstalledDir: /home/user/Desktop/contracts/try/contracts/eos/faucet/CMakeFiles/CMakeTmp
Found candidate GCC installation: /usr/lib/gcc/x86_64-linux-gnu/11
Selected GCC installation: /usr/lib/gcc/x86_64-linux-gnu/11
Candidate multilib: .;@m64
Selected multilib: .;@m64
Linking C executable cmTC_93ab3.wasm
/usr/bin/cmake -E cmake_link_script CMakeFiles/cmTC_93ab3.dir/link.txt --verbose=1
/usr/bin/cdt-ld  -v CMakeFiles/cmTC_93ab3.dir/CMakeCCompilerABI.c.obj -o cmTC_93ab3.wasm 
cdt-ld: Unknown command line argument '-v'.  Try: '/usr/bin/cdt-ld --help'
cdt-ld: Did you mean '  -L'?
gmake[5]: *** [CMakeFiles/cmTC_93ab3.dir/build.make:100: cmTC_93ab3.wasm] Error 1
gmake[5]: Leaving directory '/home/user/Desktop/contracts/try/contracts/eos/faucet/CMakeFiles/CMakeTmp'
gmake[4]: *** [Makefile:127: cmTC_93ab3/fast] Error 2
gmake[4]: Leaving directory '/home/user/Desktop/contracts/try/contracts/eos/faucet/CMakeFiles/CMakeTmp'




Detecting CXX compiler ABI info failed to compile with the following output:
Change Dir: /home/user/Desktop/contracts/try/contracts/eos/faucet/CMakeFiles/CMakeTmp

Run Build Command(s):/usr/bin/gmake -f Makefile cmTC_9dedc/fast && gmake[4]: Entering directory '/home/user/Desktop/contracts/try/contracts/eos/faucet/CMakeFiles/CMakeTmp'
/usr/bin/gmake  -f CMakeFiles/cmTC_9dedc.dir/build.make CMakeFiles/cmTC_9dedc.dir/build
gmake[5]: Entering directory '/home/user/Desktop/contracts/try/contracts/eos/faucet/CMakeFiles/CMakeTmp'
Building CXX object CMakeFiles/cmTC_9dedc.dir/CMakeCXXCompilerABI.cpp.obj
/usr/bin/cdt-cpp   -O3    -v -MD -MT CMakeFiles/cmTC_9dedc.dir/CMakeCXXCompilerABI.cpp.obj -MF CMakeFiles/cmTC_9dedc.dir/CMakeCXXCompilerABI.cpp.obj.d -o CMakeFiles/cmTC_9dedc.dir/CMakeCXXCompilerABI.cpp.obj -c /usr/share/cmake-3.22/Modules/CMakeCXXCompilerABI.cpp
clang version 9.0.1 (https://github.com/AntelopeIO/cdt-clang 1baf03bbaa65a20b3de00fede1bc039666006c8c) (https://github.com/AntelopeIO/cdt-llvm 6a0991f5118ef11008c88c3f5e6ce2692642ffb8)
Target: x86_64-unknown-linux-gnu
Thread model: posix
InstalledDir: /home/user/Desktop/contracts/try/contracts/eos/faucet/CMakeFiles/CMakeTmp
Found candidate GCC installation: /usr/lib/gcc/x86_64-linux-gnu/11
Selected GCC installation: /usr/lib/gcc/x86_64-linux-gnu/11
Candidate multilib: .;@m64
Selected multilib: .;@m64
Linking CXX executable cmTC_9dedc.wasm
/usr/bin/cmake -E cmake_link_script CMakeFiles/cmTC_9dedc.dir/link.txt --verbose=1
/usr/bin/cdt-ld  -v CMakeFiles/cmTC_9dedc.dir/CMakeCXXCompilerABI.cpp.obj -o cmTC_9dedc.wasm 
cdt-ld: Unknown command line argument '-v'.  Try: '/usr/bin/cdt-ld --help'
cdt-ld: Did you mean '  -L'?
gmake[5]: *** [CMakeFiles/cmTC_9dedc.dir/build.make:100: cmTC_9dedc.wasm] Error 1
gmake[5]: Leaving directory '/home/user/Desktop/contracts/try/contracts/eos/faucet/CMakeFiles/CMakeTmp'
gmake[4]: *** [Makefile:127: cmTC_9dedc/fast] Error 2
gmake[4]: Leaving directory '/home/user/Desktop/contracts/try/contracts/eos/faucet/CMakeFiles/CMakeTmp'




